<?xml version="1.0" encoding="UTF-8"?>
<testsuite xmlns:xsi="http://www.w3.org/2001/XMLSchema-instance" xsi:noNamespaceSchemaLocation="https://maven.apache.org/surefire/maven-surefire-plugin/xsd/surefire-test-report-3.0.xsd" version="3.0" name="com.greenmarket.tests.UserTest" time="6.663" tests="4" errors="0" skipped="0" failures="0">
  <properties>
[...]
</properties>
  <testcase name="testGetUsers" classname="com.greenmarket.tests.UserTest" time="4.064">
    <system-out><![CDATA[GET /users → Status: 200
]]></system-out>
  </testcase>
  <testcase name="testCreateUser" classname="com.greenmarket.tests.UserTest" time="0.729">
    <system-out><![CDATA[POST /users → Status: 201
Nuevo userId: 21
]]></system-out>
  </testcase>
  <testcase name="testUpdateUser" classname="com.greenmarket.tests.UserTest" time="0.637">
    <system-out><![CDATA[PUT /users/21 → Status: 200
]]></system-out>
  </testcase>
  <testcase name="testDeleteUser" classname="com.greenmarket.tests.UserTest" time="0.608">
    <system-out><![CDATA[DELETE /users/21 → Status: 200
]]></system-out>
  </testcase>
</testsuite>